<?xml version="1.0" encoding="UTF-8"?>
<testsuite xmlns:xsi="http://www.w3.org/2001/XMLSchema-instance" xsi:noNamespaceSchemaLocation="https://maven.apache.org/surefire/maven-surefire-plugin/xsd/surefire-test-report-3.0.xsd" version="3.0" name="com.poseidoncapitalsolution.trading.controller.TradeControllerTest" time="0.365" tests="8" errors="0" skipped="0" failures="0">
  <properties>
    <property name="java.specification.version" value="21"/>
    <property name="sun.jnu.encoding" value="UTF-8"/>
    <property name="java.class.path" value="/Users/alicepogam/Documents/Formation OCR/F. Java/P7/Poseidon/target/test-classes:/Users/alicepogam/Documents/Formation OCR/F. Java/P7/Poseidon/target/classes:/Users/alicepogam/.m2/repository/org/springframework/boot/spring-boot-starter-web/3.2.3/spring-boot-starter-web-3.2.3.jar:/Users/alicepogam/.m2/repository/org/springframework/boot/spring-boot-starter/3.2.3/spring-boot-starter-3.2.3.jar:/Users/alicepogam/.m2/repository/jakarta/annotation/jakarta.annotation-api/2.1.1/jakarta.annotation-api-2.1.1.jar:/Users/alicepogam/.m2/repository/org/yaml/snakeyaml/2.2/snakeyaml-2.2.jar:/Users/alicepogam/.m2/repository/org/springframework/boot/spring-boot-starter-json/3.2.3/spring-boot-starter-json-3.2.3.jar:/Users/alicepogam/.m2/repository/com/fasterxml/jackson/core/jackson-databind/2.15.4/jackson-databind-2.15.4.jar:/Users/alicepogam/.m2/repository/com/fasterxml/jackson/core/jackson-annotations/2.15.4/jackson-annotations-2.15.4.jar:/Users/alicepogam/.m2/repository/com/fasterxml/jackson/core/jackson-core/2.15.4/jackson-core-2.15.4.jar:/Users/alicepogam/.m2/repository/com/fasterxml/jackson/datatype/jackson-datatype-jdk8/2.15.4/jackson-datatype-jdk8-2.15.4.jar:/Users/alicepogam/.m2/repository/com/fasterxml/jackson/datatype/jackson-datatype-jsr310/2.15.4/jackson-datatype-jsr310-2.15.4.jar:/Users/alicepogam/.m2/repository/com/fasterxml/jackson/module/jackson-module-parameter-names/2.15.4/jackson-module-parameter-names-2.15.4.jar:/Users/alicepogam/.m2/repository/org/springframework/boot/spring-boot-starter-tomcat/3.2.3/spring-boot-starter-tomcat-3.2.3.jar:/Users/alicepogam/.m2/repository/org/apache/tomcat/embed/tomcat-embed-core/10.1.19/tomcat-embed-core-10.1.19.jar:/Users/alicepogam/.m2/repository/org/apache/tomcat/embed/tomcat-embed-websocket/10.1.19/tomcat-embed-websocket-10.1.19.jar:/Users/alicepogam/.m2/repository/org/springframework/spring-web/6.1.4/spring-web-6.1.4.jar:/Users/alicepogam/.m2/repository/org/springframework/spring-beans/6.1.4/spring-beans-6.1.4.jar:/Users/alicepogam/.m2/repository/org/springframework/spring-webmvc/6.1.4/spring-webmvc-6.1.4.jar:/Users/alicepogam/.m2/repository/org/springframework/spring-context/6.1.4/spring-context-6.1.4.jar:/Users/alicepogam/.m2/repository/org/springframework/spring-expression/6.1.4/spring-expression-6.1.4.jar:/Users/alicepogam/.m2/repository/org/springframework/boot/spring-boot-starter-log4j2/3.2.3/spring-boot-starter-log4j2-3.2.3.jar:/Users/alicepogam/.m2/repository/org/apache/logging/log4j/log4j-slf4j2-impl/2.21.1/log4j-slf4j2-impl-2.21.1.jar:/Users/alicepogam/.m2/repository/org/apache/logging/log4j/log4j-api/2.21.1/log4j-api-2.21.1.jar:/Users/alicepogam/.m2/repository/org/apache/logging/log4j/log4j-core/2.21.1/log4j-core-2.21.1.jar:/Users/alicepogam/.m2/repository/org/apache/logging/log4j/log4j-jul/2.21.1/log4j-jul-2.21.1.jar:/Users/alicepogam/.m2/repository/org/springframework/boot/spring-boot-starter-actuator/3.2.3/spring-boot-starter-actuator-3.2.3.jar:/Users/alicepogam/.m2/repository/org/springframework/boot/spring-boot-actuator-autoconfigure/3.2.3/spring-boot-actuator-autoconfigure-3.2.3.jar:/Users/alicepogam/.m2/repository/org/springframework/boot/spring-boot-actuator/3.2.3/spring-boot-actuator-3.2.3.jar:/Users/alicepogam/.m2/repository/io/micrometer/micrometer-observation/1.12.3/micrometer-observation-1.12.3.jar:/Users/alicepogam/.m2/repository/io/micrometer/micrometer-commons/1.12.3/micrometer-commons-1.12.3.jar:/Users/alicepogam/.m2/repository/io/micrometer/micrometer-jakarta9/1.12.3/micrometer-jakarta9-1.12.3.jar:/Users/alicepogam/.m2/repository/io/micrometer/micrometer-core/1.12.3/micrometer-core-1.12.3.jar:/Users/alicepogam/.m2/repository/org/hdrhistogram/HdrHistogram/2.1.12/HdrHistogram-2.1.12.jar:/Users/alicepogam/.m2/repository/org/latencyutils/LatencyUtils/2.0.3/LatencyUtils-2.0.3.jar:/Users/alicepogam/.m2/repository/org/springframework/boot/spring-boot-devtools/3.2.3/spring-boot-devtools-3.2.3.jar:/Users/alicepogam/.m2/repository/org/springframework/boot/spring-boot/3.2.3/spring-boot-3.2.3.jar:/Users/alicepogam/.m2/repository/org/springframework/boot/spring-boot-autoconfigure/3.2.3/spring-boot-autoconfigure-3.2.3.jar:/Users/alicepogam/.m2/repository/org/springframework/boot/spring-boot-starter-security/3.2.3/spring-boot-starter-security-3.2.3.jar:/Users/alicepogam/.m2/repository/org/springframework/spring-aop/6.1.4/spring-aop-6.1.4.jar:/Users/alicepogam/.m2/repository/org/springframework/security/spring-security-config/6.2.2/spring-security-config-6.2.2.jar:/Users/alicepogam/.m2/repository/org/springframework/security/spring-security-web/6.2.2/spring-security-web-6.2.2.jar:/Users/alicepogam/.m2/repository/org/thymeleaf/extras/thymeleaf-extras-springsecurity6/3.1.2.RELEASE/thymeleaf-extras-springsecurity6-3.1.2.RELEASE.jar:/Users/alicepogam/.m2/repository/org/thymeleaf/thymeleaf-spring6/3.1.2.RELEASE/thymeleaf-spring6-3.1.2.RELEASE.jar:/Users/alicepogam/.m2/repository/org/thymeleaf/thymeleaf/3.1.2.RELEASE/thymeleaf-3.1.2.RELEASE.jar:/Users/alicepogam/.m2/repository/org/attoparser/attoparser/2.0.7.RELEASE/attoparser-2.0.7.RELEASE.jar:/Users/alicepogam/.m2/repository/org/unbescape/unbescape/1.1.6.RELEASE/unbescape-1.1.6.RELEASE.jar:/Users/alicepogam/.m2/repository/org/slf4j/slf4j-api/2.0.12/slf4j-api-2.0.12.jar:/Users/alicepogam/.m2/repository/org/springframework/boot/spring-boot-starter-thymeleaf/3.2.3/spring-boot-starter-thymeleaf-3.2.3.jar:/Users/alicepogam/.m2/repository/org/springframework/boot/spring-boot-starter-validation/3.2.3/spring-boot-starter-validation-3.2.3.jar:/Users/alicepogam/.m2/repository/org/apache/tomcat/embed/tomcat-embed-el/10.1.19/tomcat-embed-el-10.1.19.jar:/Users/alicepogam/.m2/repository/org/hibernate/validator/hibernate-validator/8.0.1.Final/hibernate-validator-8.0.1.Final.jar:/Users/alicepogam/.m2/repository/jakarta/validation/jakarta.validation-api/3.0.2/jakarta.validation-api-3.0.2.jar:/Users/alicepogam/.m2/repository/org/jboss/logging/jboss-logging/3.5.3.Final/jboss-logging-3.5.3.Final.jar:/Users/alicepogam/.m2/repository/com/fasterxml/classmate/1.6.0/classmate-1.6.0.jar:/Users/alicepogam/.m2/repository/org/springframework/boot/spring-boot-starter-data-jpa/3.2.3/spring-boot-starter-data-jpa-3.2.3.jar:/Users/alicepogam/.m2/repository/org/springframework/boot/spring-boot-starter-aop/3.2.3/spring-boot-starter-aop-3.2.3.jar:/Users/alicepogam/.m2/repository/org/aspectj/aspectjweaver/1.9.21/aspectjweaver-1.9.21.jar:/Users/alicepogam/.m2/repository/org/springframework/boot/spring-boot-starter-jdbc/3.2.3/spring-boot-starter-jdbc-3.2.3.jar:/Users/alicepogam/.m2/repository/com/zaxxer/HikariCP/5.0.1/HikariCP-5.0.1.jar:/Users/alicepogam/.m2/repository/org/springframework/spring-jdbc/6.1.4/spring-jdbc-6.1.4.jar:/Users/alicepogam/.m2/repository/org/hibernate/orm/hibernate-core/6.4.4.Final/hibernate-core-6.4.4.Final.jar:/Users/alicepogam/.m2/repository/jakarta/persistence/jakarta.persistence-api/3.1.0/jakarta.persistence-api-3.1.0.jar:/Users/alicepogam/.m2/repository/jakarta/transaction/jakarta.transaction-api/2.0.1/jakarta.transaction-api-2.0.1.jar:/Users/alicepogam/.m2/repository/org/hibernate/common/hibernate-commons-annotations/6.0.6.Final/hibernate-commons-annotations-6.0.6.Final.jar:/Users/alicepogam/.m2/repository/io/smallrye/jandex/3.1.2/jandex-3.1.2.jar:/Users/alicepogam/.m2/repository/net/bytebuddy/byte-buddy/1.14.12/byte-buddy-1.14.12.jar:/Users/alicepogam/.m2/repository/org/glassfish/jaxb/jaxb-runtime/4.0.4/jaxb-runtime-4.0.4.jar:/Users/alicepogam/.m2/repository/org/glassfish/jaxb/jaxb-core/4.0.4/jaxb-core-4.0.4.jar:/Users/alicepogam/.m2/repository/org/eclipse/angus/angus-activation/2.0.1/angus-activation-2.0.1.jar:/Users/alicepogam/.m2/repository/org/glassfish/jaxb/txw2/4.0.4/txw2-4.0.4.jar:/Users/alicepogam/.m2/repository/com/sun/istack/istack-commons-runtime/4.1.2/istack-commons-runtime-4.1.2.jar:/Users/alicepogam/.m2/repository/jakarta/inject/jakarta.inject-api/2.0.1/jakarta.inject-api-2.0.1.jar:/Users/alicepogam/.m2/repository/org/antlr/antlr4-runtime/4.13.0/antlr4-runtime-4.13.0.jar:/Users/alicepogam/.m2/repository/org/springframework/data/spring-data-jpa/3.2.3/spring-data-jpa-3.2.3.jar:/Users/alicepogam/.m2/repository/org/springframework/data/spring-data-commons/3.2.3/spring-data-commons-3.2.3.jar:/Users/alicepogam/.m2/repository/org/springframework/spring-orm/6.1.4/spring-orm-6.1.4.jar:/Users/alicepogam/.m2/repository/org/springframework/spring-tx/6.1.4/spring-tx-6.1.4.jar:/Users/alicepogam/.m2/repository/org/springframework/spring-aspects/6.1.4/spring-aspects-6.1.4.jar:/Users/alicepogam/.m2/repository/com/mysql/mysql-connector-j/8.3.0/mysql-connector-j-8.3.0.jar:/Users/alicepogam/.m2/repository/com/h2database/h2/2.2.224/h2-2.2.224.jar:/Users/alicepogam/.m2/repository/org/springframework/boot/spring-boot-starter-test/3.2.3/spring-boot-starter-test-3.2.3.jar:/Users/alicepogam/.m2/repository/org/springframework/boot/spring-boot-test/3.2.3/spring-boot-test-3.2.3.jar:/Users/alicepogam/.m2/repository/org/springframework/boot/spring-boot-test-autoconfigure/3.2.3/spring-boot-test-autoconfigure-3.2.3.jar:/Users/alicepogam/.m2/repository/com/jayway/jsonpath/json-path/2.9.0/json-path-2.9.0.jar:/Users/alicepogam/.m2/repository/jakarta/xml/bind/jakarta.xml.bind-api/4.0.1/jakarta.xml.bind-api-4.0.1.jar:/Users/alicepogam/.m2/repository/jakarta/activation/jakarta.activation-api/2.1.2/jakarta.activation-api-2.1.2.jar:/Users/alicepogam/.m2/repository/net/minidev/json-smart/2.5.0/json-smart-2.5.0.jar:/Users/alicepogam/.m2/repository/net/minidev/accessors-smart/2.5.0/accessors-smart-2.5.0.jar:/Users/alicepogam/.m2/repository/org/ow2/asm/asm/9.3/asm-9.3.jar:/Users/alicepogam/.m2/repository/org/assertj/assertj-core/3.24.2/assertj-core-3.24.2.jar:/Users/alicepogam/.m2/repository/org/awaitility/awaitility/4.2.0/awaitility-4.2.0.jar:/Users/alicepogam/.m2/repository/org/hamcrest/hamcrest/2.2/hamcrest-2.2.jar:/Users/alicepogam/.m2/repository/org/junit/jupiter/junit-jupiter/5.10.2/junit-jupiter-5.10.2.jar:/Users/alicepogam/.m2/repository/org/junit/jupiter/junit-jupiter-api/5.10.2/junit-jupiter-api-5.10.2.jar:/Users/alicepogam/.m2/repository/org/opentest4j/opentest4j/1.3.0/opentest4j-1.3.0.jar:/Users/alicepogam/.m2/repository/org/junit/platform/junit-platform-commons/1.10.2/junit-platform-commons-1.10.2.jar:/Users/alicepogam/.m2/repository/org/apiguardian/apiguardian-api/1.1.2/apiguardian-api-1.1.2.jar:/Users/alicepogam/.m2/repository/org/junit/jupiter/junit-jupiter-params/5.10.2/junit-jupiter-params-5.10.2.jar:/Users/alicepogam/.m2/repository/org/junit/jupiter/junit-jupiter-engine/5.10.2/junit-jupiter-engine-5.10.2.jar:/Users/alicepogam/.m2/repository/org/junit/platform/junit-platform-engine/1.10.2/junit-platform-engine-1.10.2.jar:/Users/alicepogam/.m2/repository/org/mockito/mockito-core/5.7.0/mockito-core-5.7.0.jar:/Users/alicepogam/.m2/repository/net/bytebuddy/byte-buddy-agent/1.14.12/byte-buddy-agent-1.14.12.jar:/Users/alicepogam/.m2/repository/org/objenesis/objenesis/3.3/objenesis-3.3.jar:/Users/alicepogam/.m2/repository/org/mockito/mockito-junit-jupiter/5.7.0/mockito-junit-jupiter-5.7.0.jar:/Users/alicepogam/.m2/repository/org/skyscreamer/jsonassert/1.5.1/jsonassert-1.5.1.jar:/Users/alicepogam/.m2/repository/com/vaadin/external/google/android-json/0.0.20131108.vaadin1/android-json-0.0.20131108.vaadin1.jar:/Users/alicepogam/.m2/repository/org/springframework/spring-core/6.1.4/spring-core-6.1.4.jar:/Users/alicepogam/.m2/repository/org/springframework/spring-jcl/6.1.4/spring-jcl-6.1.4.jar:/Users/alicepogam/.m2/repository/org/springframework/spring-test/6.1.4/spring-test-6.1.4.jar:/Users/alicepogam/.m2/repository/org/xmlunit/xmlunit-core/2.9.1/xmlunit-core-2.9.1.jar:/Users/alicepogam/.m2/repository/org/springframework/security/spring-security-test/6.2.2/spring-security-test-6.2.2.jar:/Users/alicepogam/.m2/repository/org/springframework/security/spring-security-core/6.2.2/spring-security-core-6.2.2.jar:/Users/alicepogam/.m2/repository/org/springframework/security/spring-security-crypto/6.2.2/spring-security-crypto-6.2.2.jar:"/>
    <property name="java.vm.vendor" value="Homebrew"/>
    <property name="sun.arch.data.model" value="64"/>
    <property name="java.vendor.url" value="https://github.com/Homebrew/homebrew-core/issues"/>
    <property name="user.timezone" value="Europe/Paris"/>
    <property name="os.name" value="Mac OS X"/>
    <property name="java.vm.specification.version" value="21"/>
    <property name="sun.java.launcher" value="SUN_STANDARD"/>
    <property name="user.country" value="FR"/>
    <property name="sun.boot.library.path" value="/opt/homebrew/Cellar/openjdk/21.0.2/libexec/openjdk.jdk/Contents/Home/lib"/>
    <property name="sun.java.command" value="/Users/alicepogam/Documents/Formation OCR/F. Java/P7/Poseidon/target/surefire/surefirebooter-20240716174455920_3.jar /Users/alicepogam/Documents/Formation OCR/F. Java/P7/Poseidon/target/surefire 2024-07-16T17-44-55_857-jvmRun1 surefire-20240716174455920_1tmp surefire_0-20240716174455920_2tmp"/>
    <property name="http.nonProxyHosts" value="local|*.local|169.254/16|*.169.254/16"/>
    <property name="jdk.debug" value="release"/>
    <property name="surefire.test.class.path" value="/Users/alicepogam/Documents/Formation OCR/F. Java/P7/Poseidon/target/test-classes:/Users/alicepogam/Documents/Formation OCR/F. Java/P7/Poseidon/target/classes:/Users/alicepogam/.m2/repository/org/springframework/boot/spring-boot-starter-web/3.2.3/spring-boot-starter-web-3.2.3.jar:/Users/alicepogam/.m2/repository/org/springframework/boot/spring-boot-starter/3.2.3/spring-boot-starter-3.2.3.jar:/Users/alicepogam/.m2/repository/jakarta/annotation/jakarta.annotation-api/2.1.1/jakarta.annotation-api-2.1.1.jar:/Users/alicepogam/.m2/repository/org/yaml/snakeyaml/2.2/snakeyaml-2.2.jar:/Users/alicepogam/.m2/repository/org/springframework/boot/spring-boot-starter-json/3.2.3/spring-boot-starter-json-3.2.3.jar:/Users/alicepogam/.m2/repository/com/fasterxml/jackson/core/jackson-databind/2.15.4/jackson-databind-2.15.4.jar:/Users/alicepogam/.m2/repository/com/fasterxml/jackson/core/jackson-annotations/2.15.4/jackson-annotations-2.15.4.jar:/Users/alicepogam/.m2/repository/com/fasterxml/jackson/core/jackson-core/2.15.4/jackson-core-2.15.4.jar:/Users/alicepogam/.m2/repository/com/fasterxml/jackson/datatype/jackson-datatype-jdk8/2.15.4/jackson-datatype-jdk8-2.15.4.jar:/Users/alicepogam/.m2/repository/com/fasterxml/jackson/datatype/jackson-datatype-jsr310/2.15.4/jackson-datatype-jsr310-2.15.4.jar:/Users/alicepogam/.m2/repository/com/fasterxml/jackson/module/jackson-module-parameter-names/2.15.4/jackson-module-parameter-names-2.15.4.jar:/Users/alicepogam/.m2/repository/org/springframework/boot/spring-boot-starter-tomcat/3.2.3/spring-boot-starter-tomcat-3.2.3.jar:/Users/alicepogam/.m2/repository/org/apache/tomcat/embed/tomcat-embed-core/10.1.19/tomcat-embed-core-10.1.19.jar:/Users/alicepogam/.m2/repository/org/apache/tomcat/embed/tomcat-embed-websocket/10.1.19/tomcat-embed-websocket-10.1.19.jar:/Users/alicepogam/.m2/repository/org/springframework/spring-web/6.1.4/spring-web-6.1.4.jar:/Users/alicepogam/.m2/repository/org/springframework/spring-beans/6.1.4/spring-beans-6.1.4.jar:/Users/alicepogam/.m2/repository/org/springframework/spring-webmvc/6.1.4/spring-webmvc-6.1.4.jar:/Users/alicepogam/.m2/repository/org/springframework/spring-context/6.1.4/spring-context-6.1.4.jar:/Users/alicepogam/.m2/repository/org/springframework/spring-expression/6.1.4/spring-expression-6.1.4.jar:/Users/alicepogam/.m2/repository/org/springframework/boot/spring-boot-starter-log4j2/3.2.3/spring-boot-starter-log4j2-3.2.3.jar:/Users/alicepogam/.m2/repository/org/apache/logging/log4j/log4j-slf4j2-impl/2.21.1/log4j-slf4j2-impl-2.21.1.jar:/Users/alicepogam/.m2/repository/org/apache/logging/log4j/log4j-api/2.21.1/log4j-api-2.21.1.jar:/Users/alicepogam/.m2/repository/org/apache/logging/log4j/log4j-core/2.21.1/log4j-core-2.21.1.jar:/Users/alicepogam/.m2/repository/org/apache/logging/log4j/log4j-jul/2.21.1/log4j-jul-2.21.1.jar:/Users/alicepogam/.m2/repository/org/springframework/boot/spring-boot-starter-actuator/3.2.3/spring-boot-starter-actuator-3.2.3.jar:/Users/alicepogam/.m2/repository/org/springframework/boot/spring-boot-actuator-autoconfigure/3.2.3/spring-boot-actuator-autoconfigure-3.2.3.jar:/Users/alicepogam/.m2/repository/org/springframework/boot/spring-boot-actuator/3.2.3/spring-boot-actuator-3.2.3.jar:/Users/alicepogam/.m2/repository/io/micrometer/micrometer-observation/1.12.3/micrometer-observation-1.12.3.jar:/Users/alicepogam/.m2/repository/io/micrometer/micrometer-commons/1.12.3/micrometer-commons-1.12.3.jar:/Users/alicepogam/.m2/repository/io/micrometer/micrometer-jakarta9/1.12.3/micrometer-jakarta9-1.12.3.jar:/Users/alicepogam/.m2/repository/io/micrometer/micrometer-core/1.12.3/micrometer-core-1.12.3.jar:/Users/alicepogam/.m2/repository/org/hdrhistogram/HdrHistogram/2.1.12/HdrHistogram-2.1.12.jar:/Users/alicepogam/.m2/repository/org/latencyutils/LatencyUtils/2.0.3/LatencyUtils-2.0.3.jar:/Users/alicepogam/.m2/repository/org/springframework/boot/spring-boot-devtools/3.2.3/spring-boot-devtools-3.2.3.jar:/Users/alicepogam/.m2/repository/org/springframework/boot/spring-boot/3.2.3/spring-boot-3.2.3.jar:/Users/alicepogam/.m2/repository/org/springframework/boot/spring-boot-autoconfigure/3.2.3/spring-boot-autoconfigure-3.2.3.jar:/Users/alicepogam/.m2/repository/org/springframework/boot/spring-boot-starter-security/3.2.3/spring-boot-starter-security-3.2.3.jar:/Users/alicepogam/.m2/repository/org/springframework/spring-aop/6.1.4/spring-aop-6.1.4.jar:/Users/alicepogam/.m2/repository/org/springframework/security/spring-security-config/6.2.2/spring-security-config-6.2.2.jar:/Users/alicepogam/.m2/repository/org/springframework/security/spring-security-web/6.2.2/spring-security-web-6.2.2.jar:/Users/alicepogam/.m2/repository/org/thymeleaf/extras/thymeleaf-extras-springsecurity6/3.1.2.RELEASE/thymeleaf-extras-springsecurity6-3.1.2.RELEASE.jar:/Users/alicepogam/.m2/repository/org/thymeleaf/thymeleaf-spring6/3.1.2.RELEASE/thymeleaf-spring6-3.1.2.RELEASE.jar:/Users/alicepogam/.m2/repository/org/thymeleaf/thymeleaf/3.1.2.RELEASE/thymeleaf-3.1.2.RELEASE.jar:/Users/alicepogam/.m2/repository/org/attoparser/attoparser/2.0.7.RELEASE/attoparser-2.0.7.RELEASE.jar:/Users/alicepogam/.m2/repository/org/unbescape/unbescape/1.1.6.RELEASE/unbescape-1.1.6.RELEASE.jar:/Users/alicepogam/.m2/repository/org/slf4j/slf4j-api/2.0.12/slf4j-api-2.0.12.jar:/Users/alicepogam/.m2/repository/org/springframework/boot/spring-boot-starter-thymeleaf/3.2.3/spring-boot-starter-thymeleaf-3.2.3.jar:/Users/alicepogam/.m2/repository/org/springframework/boot/spring-boot-starter-validation/3.2.3/spring-boot-starter-validation-3.2.3.jar:/Users/alicepogam/.m2/repository/org/apache/tomcat/embed/tomcat-embed-el/10.1.19/tomcat-embed-el-10.1.19.jar:/Users/alicepogam/.m2/repository/org/hibernate/validator/hibernate-validator/8.0.1.Final/hibernate-validator-8.0.1.Final.jar:/Users/alicepogam/.m2/repository/jakarta/validation/jakarta.validation-api/3.0.2/jakarta.validation-api-3.0.2.jar:/Users/alicepogam/.m2/repository/org/jboss/logging/jboss-logging/3.5.3.Final/jboss-logging-3.5.3.Final.jar:/Users/alicepogam/.m2/repository/com/fasterxml/classmate/1.6.0/classmate-1.6.0.jar:/Users/alicepogam/.m2/repository/org/springframework/boot/spring-boot-starter-data-jpa/3.2.3/spring-boot-starter-data-jpa-3.2.3.jar:/Users/alicepogam/.m2/repository/org/springframework/boot/spring-boot-starter-aop/3.2.3/spring-boot-starter-aop-3.2.3.jar:/Users/alicepogam/.m2/repository/org/aspectj/aspectjweaver/1.9.21/aspectjweaver-1.9.21.jar:/Users/alicepogam/.m2/repository/org/springframework/boot/spring-boot-starter-jdbc/3.2.3/spring-boot-starter-jdbc-3.2.3.jar:/Users/alicepogam/.m2/repository/com/zaxxer/HikariCP/5.0.1/HikariCP-5.0.1.jar:/Users/alicepogam/.m2/repository/org/springframework/spring-jdbc/6.1.4/spring-jdbc-6.1.4.jar:/Users/alicepogam/.m2/repository/org/hibernate/orm/hibernate-core/6.4.4.Final/hibernate-core-6.4.4.Final.jar:/Users/alicepogam/.m2/repository/jakarta/persistence/jakarta.persistence-api/3.1.0/jakarta.persistence-api-3.1.0.jar:/Users/alicepogam/.m2/repository/jakarta/transaction/jakarta.transaction-api/2.0.1/jakarta.transaction-api-2.0.1.jar:/Users/alicepogam/.m2/repository/org/hibernate/common/hibernate-commons-annotations/6.0.6.Final/hibernate-commons-annotations-6.0.6.Final.jar:/Users/alicepogam/.m2/repository/io/smallrye/jandex/3.1.2/jandex-3.1.2.jar:/Users/alicepogam/.m2/repository/net/bytebuddy/byte-buddy/1.14.12/byte-buddy-1.14.12.jar:/Users/alicepogam/.m2/repository/org/glassfish/jaxb/jaxb-runtime/4.0.4/jaxb-runtime-4.0.4.jar:/Users/alicepogam/.m2/repository/org/glassfish/jaxb/jaxb-core/4.0.4/jaxb-core-4.0.4.jar:/Users/alicepogam/.m2/repository/org/eclipse/angus/angus-activation/2.0.1/angus-activation-2.0.1.jar:/Users/alicepogam/.m2/repository/org/glassfish/jaxb/txw2/4.0.4/txw2-4.0.4.jar:/Users/alicepogam/.m2/repository/com/sun/istack/istack-commons-runtime/4.1.2/istack-commons-runtime-4.1.2.jar:/Users/alicepogam/.m2/repository/jakarta/inject/jakarta.inject-api/2.0.1/jakarta.inject-api-2.0.1.jar:/Users/alicepogam/.m2/repository/org/antlr/antlr4-runtime/4.13.0/antlr4-runtime-4.13.0.jar:/Users/alicepogam/.m2/repository/org/springframework/data/spring-data-jpa/3.2.3/spring-data-jpa-3.2.3.jar:/Users/alicepogam/.m2/repository/org/springframework/data/spring-data-commons/3.2.3/spring-data-commons-3.2.3.jar:/Users/alicepogam/.m2/repository/org/springframework/spring-orm/6.1.4/spring-orm-6.1.4.jar:/Users/alicepogam/.m2/repository/org/springframework/spring-tx/6.1.4/spring-tx-6.1.4.jar:/Users/alicepogam/.m2/repository/org/springframework/spring-aspects/6.1.4/spring-aspects-6.1.4.jar:/Users/alicepogam/.m2/repository/com/mysql/mysql-connector-j/8.3.0/mysql-connector-j-8.3.0.jar:/Users/alicepogam/.m2/repository/com/h2database/h2/2.2.224/h2-2.2.224.jar:/Users/alicepogam/.m2/repository/org/springframework/boot/spring-boot-starter-test/3.2.3/spring-boot-starter-test-3.2.3.jar:/Users/alicepogam/.m2/repository/org/springframework/boot/spring-boot-test/3.2.3/spring-boot-test-3.2.3.jar:/Users/alicepogam/.m2/repository/org/springframework/boot/spring-boot-test-autoconfigure/3.2.3/spring-boot-test-autoconfigure-3.2.3.jar:/Users/alicepogam/.m2/repository/com/jayway/jsonpath/json-path/2.9.0/json-path-2.9.0.jar:/Users/alicepogam/.m2/repository/jakarta/xml/bind/jakarta.xml.bind-api/4.0.1/jakarta.xml.bind-api-4.0.1.jar:/Users/alicepogam/.m2/repository/jakarta/activation/jakarta.activation-api/2.1.2/jakarta.activation-api-2.1.2.jar:/Users/alicepogam/.m2/repository/net/minidev/json-smart/2.5.0/json-smart-2.5.0.jar:/Users/alicepogam/.m2/repository/net/minidev/accessors-smart/2.5.0/accessors-smart-2.5.0.jar:/Users/alicepogam/.m2/repository/org/ow2/asm/asm/9.3/asm-9.3.jar:/Users/alicepogam/.m2/repository/org/assertj/assertj-core/3.24.2/assertj-core-3.24.2.jar:/Users/alicepogam/.m2/repository/org/awaitility/awaitility/4.2.0/awaitility-4.2.0.jar:/Users/alicepogam/.m2/repository/org/hamcrest/hamcrest/2.2/hamcrest-2.2.jar:/Users/alicepogam/.m2/repository/org/junit/jupiter/junit-jupiter/5.10.2/junit-jupiter-5.10.2.jar:/Users/alicepogam/.m2/repository/org/junit/jupiter/junit-jupiter-api/5.10.2/junit-jupiter-api-5.10.2.jar:/Users/alicepogam/.m2/repository/org/opentest4j/opentest4j/1.3.0/opentest4j-1.3.0.jar:/Users/alicepogam/.m2/repository/org/junit/platform/junit-platform-commons/1.10.2/junit-platform-commons-1.10.2.jar:/Users/alicepogam/.m2/repository/org/apiguardian/apiguardian-api/1.1.2/apiguardian-api-1.1.2.jar:/Users/alicepogam/.m2/repository/org/junit/jupiter/junit-jupiter-params/5.10.2/junit-jupiter-params-5.10.2.jar:/Users/alicepogam/.m2/repository/org/junit/jupiter/junit-jupiter-engine/5.10.2/junit-jupiter-engine-5.10.2.jar:/Users/alicepogam/.m2/repository/org/junit/platform/junit-platform-engine/1.10.2/junit-platform-engine-1.10.2.jar:/Users/alicepogam/.m2/repository/org/mockito/mockito-core/5.7.0/mockito-core-5.7.0.jar:/Users/alicepogam/.m2/repository/net/bytebuddy/byte-buddy-agent/1.14.12/byte-buddy-agent-1.14.12.jar:/Users/alicepogam/.m2/repository/org/objenesis/objenesis/3.3/objenesis-3.3.jar:/Users/alicepogam/.m2/repository/org/mockito/mockito-junit-jupiter/5.7.0/mockito-junit-jupiter-5.7.0.jar:/Users/alicepogam/.m2/repository/org/skyscreamer/jsonassert/1.5.1/jsonassert-1.5.1.jar:/Users/alicepogam/.m2/repository/com/vaadin/external/google/android-json/0.0.20131108.vaadin1/android-json-0.0.20131108.vaadin1.jar:/Users/alicepogam/.m2/repository/org/springframework/spring-core/6.1.4/spring-core-6.1.4.jar:/Users/alicepogam/.m2/repository/org/springframework/spring-jcl/6.1.4/spring-jcl-6.1.4.jar:/Users/alicepogam/.m2/repository/org/springframework/spring-test/6.1.4/spring-test-6.1.4.jar:/Users/alicepogam/.m2/repository/org/xmlunit/xmlunit-core/2.9.1/xmlunit-core-2.9.1.jar:/Users/alicepogam/.m2/repository/org/springframework/security/spring-security-test/6.2.2/spring-security-test-6.2.2.jar:/Users/alicepogam/.m2/repository/org/springframework/security/spring-security-core/6.2.2/spring-security-core-6.2.2.jar:/Users/alicepogam/.m2/repository/org/springframework/security/spring-security-crypto/6.2.2/spring-security-crypto-6.2.2.jar:"/>
    <property name="sun.cpu.endian" value="little"/>
    <property name="user.home" value="/Users/alicepogam"/>
    <property name="user.language" value="fr"/>
    <property name="java.specification.vendor" value="Oracle Corporation"/>
    <property name="java.version.date" value="2024-01-16"/>
    <property name="java.home" value="/opt/homebrew/Cellar/openjdk/21.0.2/libexec/openjdk.jdk/Contents/Home"/>
    <property name="file.separator" value="/"/>
    <property name="basedir" value="/Users/alicepogam/Documents/Formation OCR/F. Java/P7/Poseidon"/>
    <property name="java.vm.compressedOopsMode" value="Zero based"/>
    <property name="line.separator" value="&#10;"/>
    <property name="java.vm.specification.vendor" value="Oracle Corporation"/>
    <property name="java.specification.name" value="Java Platform API Specification"/>
    <property name="FILE_LOG_CHARSET" value="UTF-8"/>
    <property name="java.awt.headless" value="true"/>
    <property name="apple.awt.application.name" value="ForkedBooter"/>
    <property name="surefire.real.class.path" value="/Users/alicepogam/Documents/Formation OCR/F. Java/P7/Poseidon/target/surefire/surefirebooter-20240716174455920_3.jar"/>
    <property name="sun.management.compiler" value="HotSpot 64-Bit Tiered Compilers"/>
    <property name="ftp.nonProxyHosts" value="local|*.local|169.254/16|*.169.254/16"/>
    <property name="java.runtime.version" value="21.0.2"/>
    <property name="user.name" value="alicepogam"/>
    <property name="stdout.encoding" value="UTF-8"/>
    <property name="path.separator" value=":"/>
    <property name="os.version" value="14.5"/>
    <property name="java.runtime.name" value="OpenJDK Runtime Environment"/>
    <property name="file.encoding" value="UTF-8"/>
    <property name="java.vm.name" value="OpenJDK 64-Bit Server VM"/>
    <property name="java.vendor.version" value="Homebrew"/>
    <property name="localRepository" value="/Users/alicepogam/.m2/repository"/>
    <property name="java.vendor.url.bug" value="https://github.com/Homebrew/homebrew-core/issues"/>
    <property name="java.io.tmpdir" value="/var/folders/2s/kjs3q2cj2fl_97lxnk_f2k6w0000gn/T/"/>
    <property name="java.version" value="21.0.2"/>
    <property name="user.dir" value="/Users/alicepogam/Documents/Formation OCR/F. Java/P7/Poseidon"/>
    <property name="os.arch" value="aarch64"/>
    <property name="java.vm.specification.name" value="Java Virtual Machine Specification"/>
    <property name="PID" value="90850"/>
    <property name="CONSOLE_LOG_CHARSET" value="UTF-8"/>
    <property name="native.encoding" value="UTF-8"/>
    <property name="java.library.path" value="/Users/alicepogam/Library/Java/Extensions:/Library/Java/Extensions:/Network/Library/Java/Extensions:/System/Library/Java/Extensions:/usr/lib/java:."/>
    <property name="java.vm.info" value="mixed mode, sharing"/>
    <property name="stderr.encoding" value="UTF-8"/>
    <property name="java.vendor" value="Homebrew"/>
    <property name="java.vm.version" value="21.0.2"/>
    <property name="sun.io.unicode.encoding" value="UnicodeBig"/>
    <property name="socksNonProxyHosts" value="local|*.local|169.254/16|*.169.254/16"/>
    <property name="java.class.version" value="65.0"/>
    <property name="LOGGED_APPLICATION_NAME" value="[poseidon-trading-application] "/>
  </properties>
  <testcase name="addTrade_successAndRedirectToListPage" classname="com.poseidoncapitalsolution.trading.controller.TradeControllerTest" time="0.013">
    <system-out><![CDATA[LogLevel: INFO  | Date: 2024-07-16 17:45:02 | From: AnnotationConfigContextLoaderUtils | Message: Could not detect default configuration classes for test class [com.poseidoncapitalsolution.trading.controller.TradeControllerTest]: TradeControllerTest does not declare any static, non-private, non-final, nested classes annotated with @Configuration.
LogLevel: INFO  | Date: 2024-07-16 17:45:02 | From: SpringBootTestContextBootstrapper | Message: Found @SpringBootConfiguration com.poseidoncapitalsolution.trading.PoseidonTradingApplication for test class com.poseidoncapitalsolution.trading.controller.TradeControllerTest
LogLevel: INFO  | Date: 2024-07-16 17:45:02 | From: RestartApplicationListener     | Message: Restart disabled due to context in which it is running

  .   ____          _            __ _ _
 /\\ / ___'_ __ _ _(_)_ __  __ _ \ \ \ \
( ( )\___ | '_ | '_| | '_ \/ _` | \ \ \ \
 \\/  ___)| |_)| | | | | || (_| |  ) ) ) )
  '  |____| .__|_| |_|_| |_\__, | / / / /
 =========|_|==============|___/=/_/_/_/
 :: Spring Boot ::                (v3.2.3)

LogLevel: INFO  | Date: 2024-07-16 17:45:02 | From: TradeControllerTest            | Message: Starting TradeControllerTest using Java 21.0.2 with PID 90850 (started by alicepogam in /Users/alicepogam/Documents/Formation OCR/F. Java/P7/Poseidon)
LogLevel: INFO  | Date: 2024-07-16 17:45:02 | From: TradeControllerTest            | Message: No active profile set, falling back to 1 default profile: "default"
LogLevel: WARN  | Date: 2024-07-16 17:45:02 | From: UserDetailsServiceAutoConfiguration | Message: 

Using generated security password: faea21e9-483a-4cea-a234-e3cc2dd35ce9

This generated password is for development use only. Your security configuration must be updated before running your application in production.

LogLevel: INFO  | Date: 2024-07-16 17:45:02 | From: DefaultSecurityFilterChain     | Message: Will secure any request with [org.springframework.security.web.session.DisableEncodeUrlFilter@49692c4f, org.springframework.security.web.context.request.async.WebAsyncManagerIntegrationFilter@627695fd, org.springframework.security.web.context.SecurityContextHolderFilter@2506cf0d, org.springframework.security.web.header.HeaderWriterFilter@a8d8d41, org.springframework.web.filter.CorsFilter@516cb8e1, org.springframework.security.web.csrf.CsrfFilter@46e5c331, org.springframework.security.web.authentication.logout.LogoutFilter@6065f14f, org.springframework.security.web.authentication.UsernamePasswordAuthenticationFilter@4defc8ca, org.springframework.security.web.authentication.ui.DefaultLoginPageGeneratingFilter@2da21a9b, org.springframework.security.web.authentication.ui.DefaultLogoutPageGeneratingFilter@2e617f42, org.springframework.security.web.authentication.www.BasicAuthenticationFilter@24fb7b1, org.springframework.security.web.savedrequest.RequestCacheAwareFilter@4d127cd7, org.springframework.security.web.servletapi.SecurityContextHolderAwareRequestFilter@4ba3612b, org.springframework.security.web.authentication.AnonymousAuthenticationFilter@2eea3595, org.springframework.security.web.access.ExceptionTranslationFilter@4068dbed, org.springframework.security.web.access.intercept.AuthorizationFilter@d54cc0b]
LogLevel: INFO  | Date: 2024-07-16 17:45:02 | From: SpringBootMockServletContext   | Message: Initializing Spring TestDispatcherServlet ''
LogLevel: INFO  | Date: 2024-07-16 17:45:02 | From: TestDispatcherServlet          | Message: Initializing Servlet ''
LogLevel: INFO  | Date: 2024-07-16 17:45:02 | From: TestDispatcherServlet          | Message: Completed initialization in 0 ms
LogLevel: INFO  | Date: 2024-07-16 17:45:02 | From: TradeControllerTest            | Message: Started TradeControllerTest in 0.239 seconds (process running for 6.496)
LogLevel: INFO  | Date: 2024-07-16 17:45:02 | From: EndpointListener               | Message: URL requested: POST http://localhost/trade/validate?_csrf=aSyh79Y2O88lX7Wcfz77vBNDgfwwzagthg8UtQ4grKg8eXMjDEiXi-cDCqoIb4WoRhPP2HEmrJ4GrMoA4Dx2hW1FyMoKS0Ab
LogLevel: ERROR | Date: 2024-07-16 17:45:02 | From: EndpointListener               | Message: Status unknown
]]></system-out>
  </testcase>
  <testcase name="addTrade_failAndReturnOk" classname="com.poseidoncapitalsolution.trading.controller.TradeControllerTest" time="0.043">
    <system-out><![CDATA[LogLevel: INFO  | Date: 2024-07-16 17:45:02 | From: EndpointListener               | Message: URL requested: POST http://localhost/trade/validate?_csrf=FvBOld5AiBgTQ6TruWxl-WyWHnWSAEyhpi2mUZCo3WbJyrK1dZEtor8m6y8-epGKikFRzFSmMxejNn6MwhjCNfGZ616rroCE
LogLevel: INFO  | Date: 2024-07-16 17:45:02 | From: EndpointListener               | Message: Response: Status 200 OK
]]></system-out>
  </testcase>
  <testcase name="addTrade" classname="com.poseidoncapitalsolution.trading.controller.TradeControllerTest" time="0.008">
    <system-out><![CDATA[LogLevel: INFO  | Date: 2024-07-16 17:45:02 | From: EndpointListener               | Message: Endpoint requested: GET http://localhost/trade/add
LogLevel: INFO  | Date: 2024-07-16 17:45:02 | From: EndpointListener               | Message: Response: Status 200 OK
]]></system-out>
  </testcase>
  <testcase name="getUpdateForm_returnOk" classname="com.poseidoncapitalsolution.trading.controller.TradeControllerTest" time="0.012">
    <system-out><![CDATA[LogLevel: INFO  | Date: 2024-07-16 17:45:02 | From: EndpointListener               | Message: Endpoint requested: GET http://localhost/trade/update/1
LogLevel: INFO  | Date: 2024-07-16 17:45:02 | From: EndpointListener               | Message: Response: Status 200 OK
]]></system-out>
  </testcase>
  <testcase name="deleteTrade_successAndRedirectToListPage" classname="com.poseidoncapitalsolution.trading.controller.TradeControllerTest" time="0.005">
    <system-out><![CDATA[LogLevel: INFO  | Date: 2024-07-16 17:45:02 | From: EndpointListener               | Message: URL requested: GET http://localhost/trade/delete/1?_csrf=HWGb3v-FQvK1LzyeEyHocUa7hsD3fqgH98nIoLgFa1QAonb9fFOsv8fhdpeYS1_4JAzcQnKDq6GRTZwqxPr9loE2CjVjkUWe
LogLevel: ERROR | Date: 2024-07-16 17:45:02 | From: EndpointListener               | Message: Status unknown
]]></system-out>
  </testcase>
  <testcase name="updateTrade_successAndRedirectToListPage" classname="com.poseidoncapitalsolution.trading.controller.TradeControllerTest" time="0.007">
    <system-out><![CDATA[LogLevel: INFO  | Date: 2024-07-16 17:45:02 | From: EndpointListener               | Message: URL requested: POST http://localhost/trade/update/1?_csrf=IfN1YhLBGjRf5vR1Wc0s9p6iKG7MW3TSQY_XgMJptfE85HSpFJBMUHf3eQxygpIXbeAYlKbBBVapOkL_eL7j5KFe18Fa3EeZ
LogLevel: ERROR | Date: 2024-07-16 17:45:02 | From: EndpointListener               | Message: Status unknown
]]></system-out>
  </testcase>
  <testcase name="getList_returnOk" classname="com.poseidoncapitalsolution.trading.controller.TradeControllerTest" time="0.012">
    <system-out><![CDATA[LogLevel: INFO  | Date: 2024-07-16 17:45:02 | From: EndpointListener               | Message: Endpoint requested: GET http://localhost/trade/list
LogLevel: INFO  | Date: 2024-07-16 17:45:02 | From: EndpointListener               | Message: Response: Status 200 OK
]]></system-out>
  </testcase>
  <testcase name="updateTrade_failAndReturnOk" classname="com.poseidoncapitalsolution.trading.controller.TradeControllerTest" time="0.007">
    <system-out><![CDATA[LogLevel: INFO  | Date: 2024-07-16 17:45:02 | From: EndpointListener               | Message: URL requested: POST http://localhost/trade/update/1?_csrf=1clQj5CKvZH_ACBdupoGNEhD_LHyRxrbfad0vu1w3-PZVNUG5PwxtvHr2KTSMRZujLcyUHsh0dPAIy32T8YV3d8T5tfqNuM3
LogLevel: INFO  | Date: 2024-07-16 17:45:02 | From: EndpointListener               | Message: Response: Status 200 OK
]]></system-out>
  </testcase>
</testsuite>